Enter name of the .xyz file without the .xyz suffix:
glycine
Enter oligomer length as natural number:
10

================================================== 
 Preparing oligomer coordinates for glycine...
================================================== 

-------------------------------------------------- 
 Coordinates of 2nd glycine
--------------------------------------------------
N   -4.1438244624  -1.7282537314  2.4123853997
C   -3.0109217535  -0.8136180099  2.4420590945
C   -1.8532046545  -1.4759283618  1.7012907060
O   -0.7049115307  -1.1265436717  1.8039367523
O   -2.2306195797  -2.4808423949  0.9279315513
H   -5.0020707689  -1.2580616757  2.6734505398
H   -3.9822942319  -2.4764027442  3.0858929080
H   -2.6673396530  -0.5264034453  3.4439253068
H   -3.2640118534  0.1011563419  1.8963037037
H   -3.2015116886  -2.5980363296  1.0661282808


-------------------------------------------------- 
 Coordinates of 3rd glycine
--------------------------------------------------
N   -9.6353355246  -1.7798758074  3.6760956049
C   -8.5024328157  -0.8652400859  3.7057692997
C   -7.3447157167  -1.5275504378  2.9650009112
O   -6.1964225929  -1.1781657477  3.0676469575
O   -7.7221306419  -2.5324644709  2.1916417565
H   -10.4935818311  -1.3096837517  3.9371607450
H   -9.4738052941  -2.5280248202  4.3496031132
H   -8.1588507152  -0.5780255213  4.7076355120
H   -8.7555229156  0.0495342659  3.1600139089
H   -8.6930227508  -2.6496584056  2.3298384860


-------------------------------------------------- 
 Coordinates of  4th glycine
--------------------------------------------------
N   -15.1268465868  -1.8314978834  4.9398058101
C   -13.9939438779  -0.9168621619  4.9694795049
C   -12.8362267789  -1.5791725138  4.2287111164
O   -11.6879336551  -1.2297878237  4.3313571627
O   -13.2136417041  -2.5840865469  3.4553519617
H   -15.9850928933  -1.3613058277  5.2008709502
H   -14.9653163563  -2.5796468962  5.6133133184
H   -13.6503617774  -0.6296475973  5.9713457172
H   -14.2470339778  -0.0020878101  4.4237241141
H   -14.1845338130  -2.7012804816  3.5935486912


-------------------------------------------------- 
 Coordinates of  5th glycine
--------------------------------------------------
N   -20.6183576490  -1.8831199594  6.2035160153
C   -19.4854549401  -0.9684842379  6.2331897101
C   -18.3277378411  -1.6307945898  5.4924213216
O   -17.1794447173  -1.2814098997  5.5950673679
O   -18.7051527663  -2.6357086229  4.7190621669
H   -21.4766039555  -1.4129279037  6.4645811554
H   -20.4568274185  -2.6312689722  6.8770235236
H   -19.1418728396  -0.6812696733  7.2350559224
H   -19.7385450400  -0.0537098861  5.6874343193
H   -19.6760448752  -2.7529025576  4.8572588964


-------------------------------------------------- 
 Coordinates of  6th glycine
--------------------------------------------------
N   -26.1098687112  -1.9347420354  7.4672262205
C   -24.9769660023  -1.0201063139  7.4968999153
C   -23.8192489033  -1.6824166658  6.7561315268
O   -22.6709557795  -1.3330319757  6.8587775731
O   -24.1966638285  -2.6873306989  5.9827723721
H   -26.9681150177  -1.4645499797  7.7282913606
H   -25.9483384807  -2.6828910482  8.1407337288
H   -24.6333839018  -0.7328917493  8.4987661276
H   -25.2300561022  -0.1053319621  6.9511445245
H   -25.1675559374  -2.8045246336  6.1209691016


-------------------------------------------------- 
 Coordinates of  7th glycine
--------------------------------------------------
N   -31.6013797734  -1.9863641114  8.7309364257
C   -30.4684770645  -1.0717283899  8.7606101205
C   -29.3107599655  -1.7340387418  8.0198417320
O   -28.1624668417  -1.3846540517  8.1224877783
O   -29.6881748907  -2.7389527749  7.2464825773
H   -32.4596260799  -1.5161720557  8.9920015658
H   -31.4398495429  -2.7345131242  9.4044439340
H   -30.1248949640  -0.7845138253  9.7624763328
H   -30.7215671644  -0.1569540381  8.2148547297
H   -30.6590669996  -2.8561467096  7.3846793068


-------------------------------------------------- 
 Coordinates of  8th glycine
--------------------------------------------------
N   -37.0928908356  -2.0379861874  9.9946466309
C   -35.9599881267  -1.1233504659  10.0243203257
C   -34.8022710277  -1.7856608178  9.2835519372
O   -33.6539779039  -1.4362761277  9.3861979835
O   -35.1796859529  -2.7905748509  8.5101927825
H   -37.9511371421  -1.5677941317  10.2557117710
H   -36.9313606051  -2.7861352002  10.6681541392
H   -35.6164060262  -0.8361359013  11.0261865380
H   -36.2130782266  -0.2085761141  9.4785649349
H   -36.1505780618  -2.9077687856  8.6483895120


-------------------------------------------------- 
 Coordinates of  9th glycine
--------------------------------------------------
N   -42.5844018978  -2.0896082634  11.2583568361
C   -41.4514991889  -1.1749725419  11.2880305309
C   -40.2937820899  -1.8372828938  10.5472621424
O   -39.1454889661  -1.4878982037  10.6499081887
O   -40.6711970151  -2.8421969269  9.7739029877
H   -43.4426482043  -1.6194162077  11.5194219762
H   -42.4228716673  -2.8377572762  11.9318643444
H   -41.1079170884  -0.8877579773  12.2898967432
H   -41.7045892888  -0.2601981901  10.7422751401
H   -41.6420891240  -2.9593908616  9.9120997172


-------------------------------------------------- 
 Coordinates of 10th glycine
--------------------------------------------------
N   -48.0759129600  -2.1412303394  12.5220670413
C   -46.9430102511  -1.2265946179  12.5517407361
C   -45.7852931521  -1.8889049698  11.8109723476
O   -44.6370000283  -1.5395202797  11.9136183939
O   -46.1627080773  -2.8938190029  11.0376131929
H   -48.9341592665  -1.6710382837  12.7831321814
H   -47.9143827295  -2.8893793522  13.1955745496
H   -46.5994281506  -0.9393800533  13.5536069484
H   -47.1961003510  -0.3118202661  12.0059853453
H   -47.1336001862  -3.0110129376  11.1758099224



